{"total": {"lines":{"total":10769,"covered":3369,"skipped":0,"pct":31.28},"statements":{"total":10783,"covered":3383,"skipped":0,"pct":31.37},"functions":{"total":214,"covered":163,"skipped":0,"pct":76.16},"branches":{"total":1141,"covered":975,"skipped":0,"pct":85.45},"branchesTrue":{"total":0,"covered":0,"skipped":0,"pct":100}}
,"/home/mj/stuff/projects/MaydenTheChart/src/App.jsx": {"lines":{"total":472,"covered":0,"skipped":0,"pct":0},"functions":{"total":1,"covered":1,"skipped":0,"pct":100},"statements":{"total":472,"covered":0,"skipped":0,"pct":0},"branches":{"total":1,"covered":1,"skipped":0,"pct":100}}
,"/home/mj/stuff/projects/MaydenTheChart/src/main.jsx": {"lines":{"total":24,"covered":0,"skipped":0,"pct":0},"functions":{"total":1,"covered":1,"skipped":0,"pct":100},"statements":{"total":24,"covered":0,"skipped":0,"pct":0},"branches":{"total":1,"covered":1,"skipped":0,"pct":100}}
,"/home/mj/stuff/projects/MaydenTheChart/src/sw.js": {"lines":{"total":54,"covered":0,"skipped":0,"pct":0},"functions":{"total":1,"covered":0,"skipped":0,"pct":0},"statements":{"total":54,"covered":0,"skipped":0,"pct":0},"branches":{"total":1,"covered":0,"skipped":0,"pct":0}}
,"/home/mj/stuff/projects/MaydenTheChart/src/components/chart/CandlestickChart.jsx": {"lines":{"total":220,"covered":0,"skipped":0,"pct":0},"functions":{"total":1,"covered":1,"skipped":0,"pct":100},"statements":{"total":220,"covered":0,"skipped":0,"pct":0},"branches":{"total":1,"covered":1,"skipped":0,"pct":100}}
,"/home/mj/stuff/projects/MaydenTheChart/src/components/chart/PriceDisplay.jsx": {"lines":{"total":53,"covered":0,"skipped":0,"pct":0},"functions":{"total":1,"covered":1,"skipped":0,"pct":100},"statements":{"total":53,"covered":0,"skipped":0,"pct":0},"branches":{"total":1,"covered":1,"skipped":0,"pct":100}}
,"/home/mj/stuff/projects/MaydenTheChart/src/components/chart/SymbolInput.jsx": {"lines":{"total":189,"covered":0,"skipped":0,"pct":0},"functions":{"total":1,"covered":1,"skipped":0,"pct":100},"statements":{"total":189,"covered":0,"skipped":0,"pct":0},"branches":{"total":1,"covered":1,"skipped":0,"pct":100}}
,"/home/mj/stuff/projects/MaydenTheChart/src/components/chart/TimeframeSelector.jsx": {"lines":{"total":36,"covered":0,"skipped":0,"pct":0},"functions":{"total":1,"covered":1,"skipped":0,"pct":100},"statements":{"total":36,"covered":0,"skipped":0,"pct":0},"branches":{"total":1,"covered":1,"skipped":0,"pct":100}}
,"/home/mj/stuff/projects/MaydenTheChart/src/components/indicators/AnnotationOverlay.jsx": {"lines":{"total":72,"covered":0,"skipped":0,"pct":0},"functions":{"total":1,"covered":1,"skipped":0,"pct":100},"statements":{"total":72,"covered":0,"skipped":0,"pct":0},"branches":{"total":1,"covered":1,"skipped":0,"pct":100}}
,"/home/mj/stuff/projects/MaydenTheChart/src/components/indicators/BollingerOverlay.jsx": {"lines":{"total":41,"covered":0,"skipped":0,"pct":0},"functions":{"total":1,"covered":1,"skipped":0,"pct":100},"statements":{"total":41,"covered":0,"skipped":0,"pct":0},"branches":{"total":1,"covered":1,"skipped":0,"pct":100}}
,"/home/mj/stuff/projects/MaydenTheChart/src/components/indicators/EMAOverlay.jsx": {"lines":{"total":44,"covered":0,"skipped":0,"pct":0},"functions":{"total":1,"covered":1,"skipped":0,"pct":100},"statements":{"total":44,"covered":0,"skipped":0,"pct":0},"branches":{"total":1,"covered":1,"skipped":0,"pct":100}}
,"/home/mj/stuff/projects/MaydenTheChart/src/components/indicators/GapOverlay.jsx": {"lines":{"total":46,"covered":0,"skipped":0,"pct":0},"functions":{"total":1,"covered":1,"skipped":0,"pct":100},"statements":{"total":46,"covered":0,"skipped":0,"pct":0},"branches":{"total":1,"covered":1,"skipped":0,"pct":100}}
,"/home/mj/stuff/projects/MaydenTheChart/src/components/indicators/LevelOverlay.jsx": {"lines":{"total":92,"covered":0,"skipped":0,"pct":0},"functions":{"total":1,"covered":1,"skipped":0,"pct":100},"statements":{"total":92,"covered":0,"skipped":0,"pct":0},"branches":{"total":1,"covered":1,"skipped":0,"pct":100}}
,"/home/mj/stuff/projects/MaydenTheChart/src/components/indicators/SROverlay.jsx": {"lines":{"total":88,"covered":0,"skipped":0,"pct":0},"functions":{"total":1,"covered":1,"skipped":0,"pct":100},"statements":{"total":88,"covered":0,"skipped":0,"pct":0},"branches":{"total":1,"covered":1,"skipped":0,"pct":100}}
,"/home/mj/stuff/projects/MaydenTheChart/src/components/indicators/VWAPOverlay.jsx": {"lines":{"total":52,"covered":0,"skipped":0,"pct":0},"functions":{"total":1,"covered":1,"skipped":0,"pct":100},"statements":{"total":52,"covered":0,"skipped":0,"pct":0},"branches":{"total":1,"covered":1,"skipped":0,"pct":100}}
,"/home/mj/stuff/projects/MaydenTheChart/src/components/indicators/VolumeProfileOverlay.jsx": {"lines":{"total":25,"covered":0,"skipped":0,"pct":0},"functions":{"total":1,"covered":1,"skipped":0,"pct":100},"statements":{"total":25,"covered":0,"skipped":0,"pct":0},"branches":{"total":1,"covered":1,"skipped":0,"pct":100}}
,"/home/mj/stuff/projects/MaydenTheChart/src/components/layout/BottomNav.jsx": {"lines":{"total":156,"covered":151,"skipped":0,"pct":96.79},"functions":{"total":8,"covered":7,"skipped":0,"pct":87.5},"statements":{"total":156,"covered":151,"skipped":0,"pct":96.79},"branches":{"total":44,"covered":38,"skipped":0,"pct":86.36}}
,"/home/mj/stuff/projects/MaydenTheChart/src/components/layout/RightPanel.jsx": {"lines":{"total":101,"covered":0,"skipped":0,"pct":0},"functions":{"total":1,"covered":1,"skipped":0,"pct":100},"statements":{"total":101,"covered":0,"skipped":0,"pct":0},"branches":{"total":1,"covered":1,"skipped":0,"pct":100}}
,"/home/mj/stuff/projects/MaydenTheChart/src/components/layout/Sidebar.jsx": {"lines":{"total":75,"covered":0,"skipped":0,"pct":0},"functions":{"total":1,"covered":1,"skipped":0,"pct":100},"statements":{"total":75,"covered":0,"skipped":0,"pct":0},"branches":{"total":1,"covered":1,"skipped":0,"pct":100}}
,"/home/mj/stuff/projects/MaydenTheChart/src/components/layout/TopNav.jsx": {"lines":{"total":188,"covered":0,"skipped":0,"pct":0},"functions":{"total":1,"covered":1,"skipped":0,"pct":100},"statements":{"total":188,"covered":0,"skipped":0,"pct":0},"branches":{"total":1,"covered":1,"skipped":0,"pct":100}}
,"/home/mj/stuff/projects/MaydenTheChart/src/components/panels/AlertsPanel.jsx": {"lines":{"total":181,"covered":0,"skipped":0,"pct":0},"functions":{"total":1,"covered":1,"skipped":0,"pct":100},"statements":{"total":181,"covered":0,"skipped":0,"pct":0},"branches":{"total":1,"covered":1,"skipped":0,"pct":100}}
,"/home/mj/stuff/projects/MaydenTheChart/src/components/panels/BacktestPanel.jsx": {"lines":{"total":210,"covered":0,"skipped":0,"pct":0},"functions":{"total":1,"covered":1,"skipped":0,"pct":100},"statements":{"total":210,"covered":0,"skipped":0,"pct":0},"branches":{"total":1,"covered":1,"skipped":0,"pct":100}}
,"/home/mj/stuff/projects/MaydenTheChart/src/components/panels/JournalPanel.jsx": {"lines":{"total":338,"covered":0,"skipped":0,"pct":0},"functions":{"total":1,"covered":1,"skipped":0,"pct":100},"statements":{"total":338,"covered":0,"skipped":0,"pct":0},"branches":{"total":1,"covered":1,"skipped":0,"pct":100}}
,"/home/mj/stuff/projects/MaydenTheChart/src/components/panels/ReplayPanel.jsx": {"lines":{"total":249,"covered":0,"skipped":0,"pct":0},"functions":{"total":1,"covered":1,"skipped":0,"pct":100},"statements":{"total":249,"covered":0,"skipped":0,"pct":0},"branches":{"total":1,"covered":1,"skipped":0,"pct":100}}
,"/home/mj/stuff/projects/MaydenTheChart/src/components/panels/ScreenerPanel.jsx": {"lines":{"total":197,"covered":0,"skipped":0,"pct":0},"functions":{"total":1,"covered":1,"skipped":0,"pct":100},"statements":{"total":197,"covered":0,"skipped":0,"pct":0},"branches":{"total":1,"covered":1,"skipped":0,"pct":100}}
,"/home/mj/stuff/projects/MaydenTheChart/src/components/panels/WatchlistPanel.jsx": {"lines":{"total":100,"covered":0,"skipped":0,"pct":0},"functions":{"total":1,"covered":1,"skipped":0,"pct":100},"statements":{"total":100,"covered":0,"skipped":0,"pct":0},"branches":{"total":1,"covered":1,"skipped":0,"pct":100}}
,"/home/mj/stuff/projects/MaydenTheChart/src/components/ui/ATRGauge.jsx": {"lines":{"total":38,"covered":0,"skipped":0,"pct":0},"functions":{"total":1,"covered":1,"skipped":0,"pct":100},"statements":{"total":38,"covered":0,"skipped":0,"pct":0},"branches":{"total":1,"covered":1,"skipped":0,"pct":100}}
,"/home/mj/stuff/projects/MaydenTheChart/src/components/ui/AnnotationToolbar.jsx": {"lines":{"total":71,"covered":0,"skipped":0,"pct":0},"functions":{"total":1,"covered":1,"skipped":0,"pct":100},"statements":{"total":71,"covered":0,"skipped":0,"pct":0},"branches":{"total":1,"covered":1,"skipped":0,"pct":100}}
,"/home/mj/stuff/projects/MaydenTheChart/src/components/ui/BottomSheet.jsx": {"lines":{"total":89,"covered":63,"skipped":0,"pct":70.78},"functions":{"total":1,"covered":1,"skipped":0,"pct":100},"statements":{"total":89,"covered":63,"skipped":0,"pct":70.78},"branches":{"total":9,"covered":6,"skipped":0,"pct":66.66}}
,"/home/mj/stuff/projects/MaydenTheChart/src/components/ui/CommandPalette.jsx": {"lines":{"total":219,"covered":0,"skipped":0,"pct":0},"functions":{"total":1,"covered":1,"skipped":0,"pct":100},"statements":{"total":219,"covered":0,"skipped":0,"pct":0},"branches":{"total":1,"covered":1,"skipped":0,"pct":100}}
,"/home/mj/stuff/projects/MaydenTheChart/src/components/ui/ConfluenceBar.jsx": {"lines":{"total":88,"covered":0,"skipped":0,"pct":0},"functions":{"total":1,"covered":1,"skipped":0,"pct":100},"statements":{"total":88,"covered":0,"skipped":0,"pct":0},"branches":{"total":1,"covered":1,"skipped":0,"pct":100}}
,"/home/mj/stuff/projects/MaydenTheChart/src/components/ui/CrosshairLegend.jsx": {"lines":{"total":114,"covered":0,"skipped":0,"pct":0},"functions":{"total":1,"covered":1,"skipped":0,"pct":100},"statements":{"total":114,"covered":0,"skipped":0,"pct":0},"branches":{"total":1,"covered":1,"skipped":0,"pct":100}}
,"/home/mj/stuff/projects/MaydenTheChart/src/components/ui/DataTab.jsx": {"lines":{"total":253,"covered":0,"skipped":0,"pct":0},"functions":{"total":1,"covered":1,"skipped":0,"pct":100},"statements":{"total":253,"covered":0,"skipped":0,"pct":0},"branches":{"total":1,"covered":1,"skipped":0,"pct":100}}
,"/home/mj/stuff/projects/MaydenTheChart/src/components/ui/DayTypeBanner.jsx": {"lines":{"total":22,"covered":0,"skipped":0,"pct":0},"functions":{"total":1,"covered":1,"skipped":0,"pct":100},"statements":{"total":22,"covered":0,"skipped":0,"pct":0},"branches":{"total":1,"covered":1,"skipped":0,"pct":100}}
,"/home/mj/stuff/projects/MaydenTheChart/src/components/ui/ErrorBoundary.jsx": {"lines":{"total":77,"covered":0,"skipped":0,"pct":0},"functions":{"total":1,"covered":0,"skipped":0,"pct":0},"statements":{"total":77,"covered":0,"skipped":0,"pct":0},"branches":{"total":1,"covered":0,"skipped":0,"pct":0}}
,"/home/mj/stuff/projects/MaydenTheChart/src/components/ui/IndicatorTabView.jsx": {"lines":{"total":88,"covered":0,"skipped":0,"pct":0},"functions":{"total":1,"covered":1,"skipped":0,"pct":100},"statements":{"total":88,"covered":0,"skipped":0,"pct":0},"branches":{"total":1,"covered":1,"skipped":0,"pct":100}}
,"/home/mj/stuff/projects/MaydenTheChart/src/components/ui/IndicatorToggle.jsx": {"lines":{"total":49,"covered":0,"skipped":0,"pct":0},"functions":{"total":1,"covered":1,"skipped":0,"pct":100},"statements":{"total":49,"covered":0,"skipped":0,"pct":0},"branches":{"total":1,"covered":1,"skipped":0,"pct":100}}
,"/home/mj/stuff/projects/MaydenTheChart/src/components/ui/Logo.jsx": {"lines":{"total":33,"covered":0,"skipped":0,"pct":0},"functions":{"total":1,"covered":1,"skipped":0,"pct":100},"statements":{"total":33,"covered":0,"skipped":0,"pct":0},"branches":{"total":1,"covered":1,"skipped":0,"pct":100}}
,"/home/mj/stuff/projects/MaydenTheChart/src/components/ui/MACDMiniChart.jsx": {"lines":{"total":78,"covered":0,"skipped":0,"pct":0},"functions":{"total":1,"covered":1,"skipped":0,"pct":100},"statements":{"total":78,"covered":0,"skipped":0,"pct":0},"branches":{"total":1,"covered":1,"skipped":0,"pct":100}}
,"/home/mj/stuff/projects/MaydenTheChart/src/components/ui/MTFStrip.jsx": {"lines":{"total":39,"covered":0,"skipped":0,"pct":0},"functions":{"total":1,"covered":1,"skipped":0,"pct":100},"statements":{"total":39,"covered":0,"skipped":0,"pct":0},"branches":{"total":1,"covered":1,"skipped":0,"pct":100}}
,"/home/mj/stuff/projects/MaydenTheChart/src/components/ui/OnboardingTour.jsx": {"lines":{"total":188,"covered":0,"skipped":0,"pct":0},"functions":{"total":1,"covered":1,"skipped":0,"pct":100},"statements":{"total":188,"covered":0,"skipped":0,"pct":0},"branches":{"total":1,"covered":1,"skipped":0,"pct":100}}
,"/home/mj/stuff/projects/MaydenTheChart/src/components/ui/PresetSelector.jsx": {"lines":{"total":218,"covered":0,"skipped":0,"pct":0},"functions":{"total":1,"covered":1,"skipped":0,"pct":100},"statements":{"total":218,"covered":0,"skipped":0,"pct":0},"branches":{"total":1,"covered":1,"skipped":0,"pct":100}}
,"/home/mj/stuff/projects/MaydenTheChart/src/components/ui/RSIMiniChart.jsx": {"lines":{"total":85,"covered":0,"skipped":0,"pct":0},"functions":{"total":1,"covered":1,"skipped":0,"pct":100},"statements":{"total":85,"covered":0,"skipped":0,"pct":0},"branches":{"total":1,"covered":1,"skipped":0,"pct":100}}
,"/home/mj/stuff/projects/MaydenTheChart/src/components/ui/SettingsModal.jsx": {"lines":{"total":339,"covered":0,"skipped":0,"pct":0},"functions":{"total":1,"covered":1,"skipped":0,"pct":100},"statements":{"total":339,"covered":0,"skipped":0,"pct":0},"branches":{"total":1,"covered":1,"skipped":0,"pct":100}}
,"/home/mj/stuff/projects/MaydenTheChart/src/components/ui/StatusBar.jsx": {"lines":{"total":75,"covered":0,"skipped":0,"pct":0},"functions":{"total":1,"covered":1,"skipped":0,"pct":100},"statements":{"total":75,"covered":0,"skipped":0,"pct":0},"branches":{"total":1,"covered":1,"skipped":0,"pct":100}}
,"/home/mj/stuff/projects/MaydenTheChart/src/components/ui/SubIndicatorValueOverlay.jsx": {"lines":{"total":83,"covered":0,"skipped":0,"pct":0},"functions":{"total":1,"covered":1,"skipped":0,"pct":100},"statements":{"total":83,"covered":0,"skipped":0,"pct":0},"branches":{"total":1,"covered":1,"skipped":0,"pct":100}}
,"/home/mj/stuff/projects/MaydenTheChart/src/components/ui/ToastContainer.jsx": {"lines":{"total":67,"covered":0,"skipped":0,"pct":0},"functions":{"total":1,"covered":1,"skipped":0,"pct":100},"statements":{"total":67,"covered":0,"skipped":0,"pct":0},"branches":{"total":1,"covered":1,"skipped":0,"pct":100}}
,"/home/mj/stuff/projects/MaydenTheChart/src/components/ui/WelcomeBanner.jsx": {"lines":{"total":28,"covered":0,"skipped":0,"pct":0},"functions":{"total":1,"covered":1,"skipped":0,"pct":100},"statements":{"total":28,"covered":0,"skipped":0,"pct":0},"branches":{"total":1,"covered":1,"skipped":0,"pct":100}}
,"/home/mj/stuff/projects/MaydenTheChart/src/components/ui/miniChartConfig.js": {"lines":{"total":24,"covered":0,"skipped":0,"pct":0},"functions":{"total":1,"covered":0,"skipped":0,"pct":0},"statements":{"total":24,"covered":0,"skipped":0,"pct":0},"branches":{"total":1,"covered":0,"skipped":0,"pct":0}}
,"/home/mj/stuff/projects/MaydenTheChart/src/constants/accents.js": {"lines":{"total":57,"covered":57,"skipped":0,"pct":100},"functions":{"total":1,"covered":1,"skipped":0,"pct":100},"statements":{"total":57,"covered":57,"skipped":0,"pct":100},"branches":{"total":3,"covered":3,"skipped":0,"pct":100}}
,"/home/mj/stuff/projects/MaydenTheChart/src/constants/chart.js": {"lines":{"total":223,"covered":223,"skipped":0,"pct":100},"functions":{"total":0,"covered":0,"skipped":0,"pct":100},"statements":{"total":223,"covered":223,"skipped":0,"pct":100},"branches":{"total":0,"covered":0,"skipped":0,"pct":100}}
,"/home/mj/stuff/projects/MaydenTheChart/src/constants/patterns.js": {"lines":{"total":9,"covered":9,"skipped":0,"pct":100},"functions":{"total":0,"covered":0,"skipped":0,"pct":100},"statements":{"total":9,"covered":9,"skipped":0,"pct":100},"branches":{"total":0,"covered":0,"skipped":0,"pct":100}}
,"/home/mj/stuff/projects/MaydenTheChart/src/constants/presets.js": {"lines":{"total":99,"covered":99,"skipped":0,"pct":100},"functions":{"total":0,"covered":0,"skipped":0,"pct":100},"statements":{"total":99,"covered":99,"skipped":0,"pct":100},"branches":{"total":0,"covered":0,"skipped":0,"pct":100}}
,"/home/mj/stuff/projects/MaydenTheChart/src/hooks/useAlertChecker.js": {"lines":{"total":112,"covered":0,"skipped":0,"pct":0},"functions":{"total":1,"covered":0,"skipped":0,"pct":0},"statements":{"total":112,"covered":0,"skipped":0,"pct":0},"branches":{"total":1,"covered":0,"skipped":0,"pct":0}}
,"/home/mj/stuff/projects/MaydenTheChart/src/hooks/useBars.js": {"lines":{"total":49,"covered":0,"skipped":0,"pct":0},"functions":{"total":1,"covered":0,"skipped":0,"pct":0},"statements":{"total":49,"covered":0,"skipped":0,"pct":0},"branches":{"total":1,"covered":0,"skipped":0,"pct":0}}
,"/home/mj/stuff/projects/MaydenTheChart/src/hooks/useDailyBars.js": {"lines":{"total":22,"covered":0,"skipped":0,"pct":0},"functions":{"total":1,"covered":0,"skipped":0,"pct":0},"statements":{"total":22,"covered":0,"skipped":0,"pct":0},"branches":{"total":1,"covered":0,"skipped":0,"pct":0}}
,"/home/mj/stuff/projects/MaydenTheChart/src/hooks/useEMACrosses.js": {"lines":{"total":31,"covered":0,"skipped":0,"pct":0},"functions":{"total":1,"covered":0,"skipped":0,"pct":0},"statements":{"total":31,"covered":0,"skipped":0,"pct":0},"branches":{"total":1,"covered":0,"skipped":0,"pct":0}}
,"/home/mj/stuff/projects/MaydenTheChart/src/hooks/useFocusTrap.js": {"lines":{"total":45,"covered":0,"skipped":0,"pct":0},"functions":{"total":1,"covered":0,"skipped":0,"pct":0},"statements":{"total":45,"covered":0,"skipped":0,"pct":0},"branches":{"total":1,"covered":0,"skipped":0,"pct":0}}
,"/home/mj/stuff/projects/MaydenTheChart/src/hooks/useInfiniteHistory.js": {"lines":{"total":124,"covered":0,"skipped":0,"pct":0},"functions":{"total":1,"covered":0,"skipped":0,"pct":0},"statements":{"total":124,"covered":0,"skipped":0,"pct":0},"branches":{"total":1,"covered":0,"skipped":0,"pct":0}}
,"/home/mj/stuff/projects/MaydenTheChart/src/hooks/useKeyboardShortcuts.js": {"lines":{"total":121,"covered":0,"skipped":0,"pct":0},"functions":{"total":1,"covered":0,"skipped":0,"pct":0},"statements":{"total":121,"covered":0,"skipped":0,"pct":0},"branches":{"total":1,"covered":0,"skipped":0,"pct":0}}
,"/home/mj/stuff/projects/MaydenTheChart/src/hooks/useLiveFeed.js": {"lines":{"total":123,"covered":0,"skipped":0,"pct":0},"functions":{"total":1,"covered":0,"skipped":0,"pct":0},"statements":{"total":123,"covered":0,"skipped":0,"pct":0},"branches":{"total":1,"covered":0,"skipped":0,"pct":0}}
,"/home/mj/stuff/projects/MaydenTheChart/src/hooks/useLongPress.js": {"lines":{"total":51,"covered":0,"skipped":0,"pct":0},"functions":{"total":1,"covered":0,"skipped":0,"pct":0},"statements":{"total":51,"covered":0,"skipped":0,"pct":0},"branches":{"total":1,"covered":0,"skipped":0,"pct":0}}
,"/home/mj/stuff/projects/MaydenTheChart/src/hooks/useMTFSignals.js": {"lines":{"total":73,"covered":0,"skipped":0,"pct":0},"functions":{"total":1,"covered":0,"skipped":0,"pct":0},"statements":{"total":73,"covered":0,"skipped":0,"pct":0},"branches":{"total":1,"covered":0,"skipped":0,"pct":0}}
,"/home/mj/stuff/projects/MaydenTheChart/src/hooks/useMediaQuery.js": {"lines":{"total":28,"covered":28,"skipped":0,"pct":100},"functions":{"total":5,"covered":5,"skipped":0,"pct":100},"statements":{"total":28,"covered":28,"skipped":0,"pct":100},"branches":{"total":9,"covered":8,"skipped":0,"pct":88.88}}
,"/home/mj/stuff/projects/MaydenTheChart/src/hooks/usePullToRefresh.js": {"lines":{"total":78,"covered":78,"skipped":0,"pct":100},"functions":{"total":5,"covered":5,"skipped":0,"pct":100},"statements":{"total":78,"covered":78,"skipped":0,"pct":100},"branches":{"total":24,"covered":23,"skipped":0,"pct":95.83}}
,"/home/mj/stuff/projects/MaydenTheChart/src/hooks/useScreener.js": {"lines":{"total":108,"covered":0,"skipped":0,"pct":0},"functions":{"total":1,"covered":0,"skipped":0,"pct":0},"statements":{"total":108,"covered":0,"skipped":0,"pct":0},"branches":{"total":1,"covered":0,"skipped":0,"pct":0}}
,"/home/mj/stuff/projects/MaydenTheChart/src/hooks/useSwipeGesture.js": {"lines":{"total":46,"covered":0,"skipped":0,"pct":0},"functions":{"total":1,"covered":0,"skipped":0,"pct":0},"statements":{"total":46,"covered":0,"skipped":0,"pct":0},"branches":{"total":1,"covered":0,"skipped":0,"pct":0}}
,"/home/mj/stuff/projects/MaydenTheChart/src/hooks/useURLState.js": {"lines":{"total":85,"covered":0,"skipped":0,"pct":0},"functions":{"total":1,"covered":0,"skipped":0,"pct":0},"statements":{"total":85,"covered":0,"skipped":0,"pct":0},"branches":{"total":1,"covered":0,"skipped":0,"pct":0}}
,"/home/mj/stuff/projects/MaydenTheChart/src/hooks/useViewportPersistence.js": {"lines":{"total":24,"covered":0,"skipped":0,"pct":0},"functions":{"total":1,"covered":0,"skipped":0,"pct":0},"statements":{"total":24,"covered":0,"skipped":0,"pct":0},"branches":{"total":1,"covered":0,"skipped":0,"pct":0}}
,"/home/mj/stuff/projects/MaydenTheChart/src/hooks/useWatchlistQuotes.js": {"lines":{"total":27,"covered":0,"skipped":0,"pct":0},"functions":{"total":1,"covered":0,"skipped":0,"pct":0},"statements":{"total":27,"covered":0,"skipped":0,"pct":0},"branches":{"total":1,"covered":0,"skipped":0,"pct":0}}
,"/home/mj/stuff/projects/MaydenTheChart/src/hooks/useWeeklyBars.js": {"lines":{"total":21,"covered":0,"skipped":0,"pct":0},"functions":{"total":1,"covered":0,"skipped":0,"pct":0},"statements":{"total":21,"covered":0,"skipped":0,"pct":0},"branches":{"total":1,"covered":0,"skipped":0,"pct":0}}
,"/home/mj/stuff/projects/MaydenTheChart/src/primitives/VolumeProfilePrimitive.js": {"lines":{"total":134,"covered":0,"skipped":0,"pct":0},"functions":{"total":1,"covered":0,"skipped":0,"pct":0},"statements":{"total":134,"covered":0,"skipped":0,"pct":0},"branches":{"total":1,"covered":0,"skipped":0,"pct":0}}
,"/home/mj/stuff/projects/MaydenTheChart/src/services/dataProvider.js": {"lines":{"total":73,"covered":0,"skipped":0,"pct":0},"functions":{"total":1,"covered":0,"skipped":0,"pct":0},"statements":{"total":73,"covered":0,"skipped":0,"pct":0},"branches":{"total":1,"covered":0,"skipped":0,"pct":0}}
,"/home/mj/stuff/projects/MaydenTheChart/src/services/queryClient.js": {"lines":{"total":17,"covered":0,"skipped":0,"pct":0},"functions":{"total":1,"covered":0,"skipped":0,"pct":0},"statements":{"total":17,"covered":0,"skipped":0,"pct":0},"branches":{"total":1,"covered":0,"skipped":0,"pct":0}}
,"/home/mj/stuff/projects/MaydenTheChart/src/services/sentry.js": {"lines":{"total":56,"covered":20,"skipped":0,"pct":35.71},"functions":{"total":3,"covered":1,"skipped":0,"pct":33.33},"statements":{"total":56,"covered":20,"skipped":0,"pct":35.71},"branches":{"total":1,"covered":1,"skipped":0,"pct":100}}
,"/home/mj/stuff/projects/MaydenTheChart/src/services/websocket.js": {"lines":{"total":128,"covered":0,"skipped":0,"pct":0},"functions":{"total":1,"covered":0,"skipped":0,"pct":0},"statements":{"total":128,"covered":0,"skipped":0,"pct":0},"branches":{"total":1,"covered":0,"skipped":0,"pct":0}}
,"/home/mj/stuff/projects/MaydenTheChart/src/services/providers/alpaca.js": {"lines":{"total":97,"covered":0,"skipped":0,"pct":0},"functions":{"total":1,"covered":0,"skipped":0,"pct":0},"statements":{"total":97,"covered":0,"skipped":0,"pct":0},"branches":{"total":1,"covered":0,"skipped":0,"pct":0}}
,"/home/mj/stuff/projects/MaydenTheChart/src/store/useAlertsStore.js": {"lines":{"total":115,"covered":115,"skipped":0,"pct":100},"functions":{"total":14,"covered":11,"skipped":0,"pct":78.57},"statements":{"total":117,"covered":117,"skipped":0,"pct":100},"branches":{"total":29,"covered":27,"skipped":0,"pct":93.1}}
,"/home/mj/stuff/projects/MaydenTheChart/src/store/useAnnotationsStore.js": {"lines":{"total":101,"covered":0,"skipped":0,"pct":0},"functions":{"total":1,"covered":0,"skipped":0,"pct":0},"statements":{"total":101,"covered":0,"skipped":0,"pct":0},"branches":{"total":1,"covered":0,"skipped":0,"pct":0}}
,"/home/mj/stuff/projects/MaydenTheChart/src/store/useChartStore.js": {"lines":{"total":135,"covered":119,"skipped":0,"pct":88.14},"functions":{"total":22,"covered":12,"skipped":0,"pct":54.54},"statements":{"total":140,"covered":124,"skipped":0,"pct":88.57},"branches":{"total":42,"covered":36,"skipped":0,"pct":85.71}}
,"/home/mj/stuff/projects/MaydenTheChart/src/store/useJournalStore.js": {"lines":{"total":72,"covered":70,"skipped":0,"pct":97.22},"functions":{"total":7,"covered":7,"skipped":0,"pct":100},"statements":{"total":72,"covered":70,"skipped":0,"pct":97.22},"branches":{"total":21,"covered":18,"skipped":0,"pct":85.71}}
,"/home/mj/stuff/projects/MaydenTheChart/src/store/usePresetsStore.js": {"lines":{"total":175,"covered":166,"skipped":0,"pct":94.85},"functions":{"total":11,"covered":11,"skipped":0,"pct":100},"statements":{"total":180,"covered":171,"skipped":0,"pct":95},"branches":{"total":37,"covered":30,"skipped":0,"pct":81.08}}
,"/home/mj/stuff/projects/MaydenTheChart/src/store/useReplayStore.js": {"lines":{"total":137,"covered":0,"skipped":0,"pct":0},"functions":{"total":1,"covered":0,"skipped":0,"pct":0},"statements":{"total":137,"covered":0,"skipped":0,"pct":0},"branches":{"total":1,"covered":0,"skipped":0,"pct":0}}
,"/home/mj/stuff/projects/MaydenTheChart/src/store/useToastStore.js": {"lines":{"total":47,"covered":47,"skipped":0,"pct":100},"functions":{"total":2,"covered":2,"skipped":0,"pct":100},"statements":{"total":47,"covered":47,"skipped":0,"pct":100},"branches":{"total":9,"covered":9,"skipped":0,"pct":100}}
,"/home/mj/stuff/projects/MaydenTheChart/src/utils/backtest.js": {"lines":{"total":298,"covered":248,"skipped":0,"pct":83.22},"functions":{"total":8,"covered":8,"skipped":0,"pct":100},"statements":{"total":298,"covered":248,"skipped":0,"pct":83.22},"branches":{"total":100,"covered":78,"skipped":0,"pct":78}}
,"/home/mj/stuff/projects/MaydenTheChart/src/utils/backup.js": {"lines":{"total":395,"covered":374,"skipped":0,"pct":94.68},"functions":{"total":12,"covered":10,"skipped":0,"pct":83.33},"statements":{"total":395,"covered":374,"skipped":0,"pct":94.68},"branches":{"total":139,"covered":107,"skipped":0,"pct":76.97}}
,"/home/mj/stuff/projects/MaydenTheChart/src/utils/confluence.js": {"lines":{"total":181,"covered":178,"skipped":0,"pct":98.34},"functions":{"total":1,"covered":1,"skipped":0,"pct":100},"statements":{"total":181,"covered":178,"skipped":0,"pct":98.34},"branches":{"total":57,"covered":53,"skipped":0,"pct":92.98}}
,"/home/mj/stuff/projects/MaydenTheChart/src/utils/gaps.js": {"lines":{"total":103,"covered":103,"skipped":0,"pct":100},"functions":{"total":2,"covered":2,"skipped":0,"pct":100},"statements":{"total":103,"covered":103,"skipped":0,"pct":100},"branches":{"total":23,"covered":22,"skipped":0,"pct":95.65}}
,"/home/mj/stuff/projects/MaydenTheChart/src/utils/indicators.js": {"lines":{"total":453,"covered":439,"skipped":0,"pct":96.9},"functions":{"total":12,"covered":12,"skipped":0,"pct":100},"statements":{"total":453,"covered":439,"skipped":0,"pct":96.9},"branches":{"total":191,"covered":163,"skipped":0,"pct":85.34}}
,"/home/mj/stuff/projects/MaydenTheChart/src/utils/levels.js": {"lines":{"total":161,"covered":159,"skipped":0,"pct":98.75},"functions":{"total":5,"covered":5,"skipped":0,"pct":100},"statements":{"total":161,"covered":159,"skipped":0,"pct":98.75},"branches":{"total":58,"covered":51,"skipped":0,"pct":87.93}}
,"/home/mj/stuff/projects/MaydenTheChart/src/utils/logger.js": {"lines":{"total":72,"covered":36,"skipped":0,"pct":50},"functions":{"total":8,"covered":1,"skipped":0,"pct":12.5},"statements":{"total":72,"covered":36,"skipped":0,"pct":50},"branches":{"total":3,"covered":1,"skipped":0,"pct":33.33}}
,"/home/mj/stuff/projects/MaydenTheChart/src/utils/normalizeBar.js": {"lines":{"total":18,"covered":18,"skipped":0,"pct":100},"functions":{"total":1,"covered":1,"skipped":0,"pct":100},"statements":{"total":18,"covered":18,"skipped":0,"pct":100},"branches":{"total":1,"covered":1,"skipped":0,"pct":100}}
,"/home/mj/stuff/projects/MaydenTheChart/src/utils/snapshot.js": {"lines":{"total":83,"covered":81,"skipped":0,"pct":97.59},"functions":{"total":3,"covered":3,"skipped":0,"pct":100},"statements":{"total":83,"covered":81,"skipped":0,"pct":97.59},"branches":{"total":15,"covered":14,"skipped":0,"pct":93.33}}
,"/home/mj/stuff/projects/MaydenTheChart/src/utils/supportResistance.js": {"lines":{"total":111,"covered":111,"skipped":0,"pct":100},"functions":{"total":3,"covered":3,"skipped":0,"pct":100},"statements":{"total":111,"covered":111,"skipped":0,"pct":100},"branches":{"total":36,"covered":35,"skipped":0,"pct":97.22}}
,"/home/mj/stuff/projects/MaydenTheChart/src/utils/timezone.js": {"lines":{"total":31,"covered":31,"skipped":0,"pct":100},"functions":{"total":2,"covered":2,"skipped":0,"pct":100},"statements":{"total":31,"covered":31,"skipped":0,"pct":100},"branches":{"total":6,"covered":4,"skipped":0,"pct":66.66}}
,"/home/mj/stuff/projects/MaydenTheChart/src/utils/validate.js": {"lines":{"total":216,"covered":214,"skipped":0,"pct":99.07},"functions":{"total":8,"covered":8,"skipped":0,"pct":100},"statements":{"total":218,"covered":216,"skipped":0,"pct":99.08},"branches":{"total":162,"covered":157,"skipped":0,"pct":96.91}}
,"/home/mj/stuff/projects/MaydenTheChart/src/utils/volumeProfile.js": {"lines":{"total":136,"covered":132,"skipped":0,"pct":97.05},"functions":{"total":1,"covered":1,"skipped":0,"pct":100},"statements":{"total":136,"covered":132,"skipped":0,"pct":97.05},"branches":{"total":53,"covered":47,"skipped":0,"pct":88.67}}
}
